<?xml version="1.0" encoding="UTF-8"?>
<!-- Generated by org.testng.reporters.JUnitReportReporter -->
<testsuite hostname="Ranjiths-MacBook-Pro.local" failures="0" tests="16" name="ValidateGitlabUtility" time="0.087" errors="1" timestamp="2021-11-18T15:42:29 EST" skipped="0">
  <testcase classname="ValidateGitlabUtility" name="testGetProjectID" time="0.055">
    <error message="groovy.lang.MissingMethodException: No signature of method: vars.GitlabUtility.sh() is applicable for argument types: (LinkedHashMap) values: [[script:source /Users/ranjith/.bash_profile_test &gt; /dev/null 2&gt;&amp;1 &amp;&amp; gitlab projects &quot;{ per_page: &#039;200&#039; }&quot; --only=name,id,http_url_to_repo | grep -i &quot;Test Project&quot; | sort | awk -F &#039;|&#039; &#039;{ print $3 }&#039; | xargs, ...]]
Possible solutions: is(java.lang.Object), use([Ljava.lang.Object;), run(), run(), any(), with(groovy.lang.Closure)" type="org.codehaus.groovy.runtime.InvokerInvocationException">
      <![CDATA[org.codehaus.groovy.runtime.InvokerInvocationException: groovy.lang.MissingMethodException: No signature of method: vars.GitlabUtility.sh() is applicable for argument types: (LinkedHashMap) values: [[script:source /Users/ranjith/.bash_profile_test > /dev/null 2>&1 && gitlab projects "{ per_page: '200' }" --only=name,id,http_url_to_repo | grep -i "Test Project" | sort | awk -F '|' '{ print $3 }' | xargs, ...]]
Possible solutions: is(java.lang.Object), use([Ljava.lang.Object;), run(), run(), any(), with(groovy.lang.Closure)
at org.codehaus.groovy.reflection.CachedMethod.invoke(CachedMethod.java:113)
at groovy.lang.MetaMethod.doMethodInvoke(MetaMethod.java:323)
at groovy.lang.MetaClassImpl.invokeMethod(MetaClassImpl.java:1268)
at groovy.lang.MetaClassImpl.invokeMethod(MetaClassImpl.java:1035)
at groovy.lang.MetaClassImpl.invokeMethod(MetaClassImpl.java:819)
at groovy.lang.GroovyObject.invokeMethod(GroovyObject.java:39)
at groovy.lang.Script.invokeMethod(Script.java:96)
at ValidateGitlabUtility.testGetProjectID(ValidateGitlabUtility.java:58)
at java.base/jdk.internal.reflect.NativeMethodAccessorImpl.invoke0(Native Method)
at java.base/jdk.internal.reflect.NativeMethodAccessorImpl.invoke(NativeMethodAccessorImpl.java:64)
at java.base/jdk.internal.reflect.DelegatingMethodAccessorImpl.invoke(DelegatingMethodAccessorImpl.java:43)
at java.base/java.lang.reflect.Method.invoke(Method.java:564)
at org.testng.internal.MethodInvocationHelper.invokeMethod(MethodInvocationHelper.java:133)
at org.testng.internal.TestInvoker.invokeMethod(TestInvoker.java:598)
at org.testng.internal.TestInvoker.invokeTestMethod(TestInvoker.java:173)
at org.testng.internal.MethodRunner.runInSequence(MethodRunner.java:46)
at org.testng.internal.TestInvoker$MethodInvocationAgent.invoke(TestInvoker.java:824)
at org.testng.internal.TestInvoker.invokeTestMethods(TestInvoker.java:146)
at org.testng.internal.TestMethodWorker.invokeTestMethods(TestMethodWorker.java:146)
at org.testng.internal.TestMethodWorker.run(TestMethodWorker.java:128)
at java.base/java.util.ArrayList.forEach(ArrayList.java:1511)
at org.testng.TestRunner.privateRun(TestRunner.java:794)
at org.testng.TestRunner.run(TestRunner.java:596)
at org.testng.SuiteRunner.runTest(SuiteRunner.java:377)
at org.testng.SuiteRunner.runSequentially(SuiteRunner.java:371)
at org.testng.SuiteRunner.privateRun(SuiteRunner.java:332)
at org.testng.SuiteRunner.run(SuiteRunner.java:276)
at org.testng.SuiteRunnerWorker.runSuite(SuiteRunnerWorker.java:53)
at org.testng.SuiteRunnerWorker.run(SuiteRunnerWorker.java:96)
at org.testng.TestNG.runSuitesSequentially(TestNG.java:1212)
at org.testng.TestNG.runSuitesLocally(TestNG.java:1134)
at org.testng.TestNG.runSuites(TestNG.java:1063)
at org.testng.TestNG.run(TestNG.java:1031)
at org.testng.remote.AbstractRemoteTestNG.run(AbstractRemoteTestNG.java:115)
at org.testng.remote.RemoteTestNG.initAndRun(RemoteTestNG.java:251)
at org.testng.remote.RemoteTestNG.main(RemoteTestNG.java:77)
Caused by: groovy.lang.MissingMethodException: No signature of method: vars.GitlabUtility.sh() is applicable for argument types: (LinkedHashMap) values: [[script:source /Users/ranjith/.bash_profile_test > /dev/null 2>&1 && gitlab projects "{ per_page: '200' }" --only=name,id,http_url_to_repo | grep -i "Test Project" | sort | awk -F '|' '{ print $3 }' | xargs, ...]]
Possible solutions: is(java.lang.Object), use([Ljava.lang.Object;), run(), run(), any(), with(groovy.lang.Closure)
at org.codehaus.groovy.runtime.ScriptBytecodeAdapter.unwrap(ScriptBytecodeAdapter.java:70)
at org.codehaus.groovy.runtime.callsite.PogoMetaClassSite.callCurrent(PogoMetaClassSite.java:80)
at org.codehaus.groovy.runtime.callsite.CallSiteArray.defaultCallCurrent(CallSiteArray.java:51)
at org.codehaus.groovy.runtime.callsite.AbstractCallSite.callCurrent(AbstractCallSite.java:171)
at org.codehaus.groovy.runtime.callsite.AbstractCallSite.callCurrent(AbstractCallSite.java:185)
at vars.GitlabUtility.getProjectID(GitlabUtility.groovy:35)
at java.base/jdk.internal.reflect.NativeMethodAccessorImpl.invoke0(Native Method)
at java.base/jdk.internal.reflect.NativeMethodAccessorImpl.invoke(NativeMethodAccessorImpl.java:64)
at java.base/jdk.internal.reflect.DelegatingMethodAccessorImpl.invoke(DelegatingMethodAccessorImpl.java:43)
at java.base/java.lang.reflect.Method.invoke(Method.java:564)
at org.codehaus.groovy.reflection.CachedMethod.invoke(CachedMethod.java:107)
... 35 more
]]>
    </error>
  </testcase> <!-- testGetProjectID -->
  <system-out/>
  <testcase classname="ValidateGitlabUtility" name="testGetProjectIDByGroupName" time="0.003"/>
  <system-out/>
  <testcase classname="ValidateGitlabUtility" name="testGetUserID" time="0.009"/>
  <system-out/>
  <testcase classname="ValidateGitlabUtility" name="testCreateBranch" time="0.001"/>
  <system-out/>
  <testcase classname="ValidateGitlabUtility" name="testCreateMergeRequest" time="0.002"/>
  <system-out/>
  <testcase classname="ValidateGitlabUtility" name="testCheckMergeStatus" time="0.004"/>
  <system-out/>
  <testcase classname="ValidateGitlabUtility" name="testAcceptMergeRequest" time="0.005"/>
  <system-out/>
  <testcase classname="ValidateGitlabUtility" name="testCheckIfBranchExists" time="0.001"/>
  <system-out/>
  <testcase classname="ValidateGitlabUtility" name="testDeleteBranch" time="0.001"/>
  <system-out/>
  <testcase classname="ValidateGitlabUtility" name="testMergeRequestHasNoChanges" time="0.000"/>
  <system-out/>
  <testcase classname="ValidateGitlabUtility" name="testSetMergePermission" time="0.001"/>
  <system-out/>
  <testcase classname="ValidateGitlabUtility" name="testUnprotectBranch" time="0.001"/>
  <system-out/>
  <testcase classname="ValidateGitlabUtility" name="testHasMergeError" time="0.001"/>
  <system-out/>
  <testcase classname="ValidateGitlabUtility" name="testCheckoutRepo" time="0.001"/>
  <system-out/>
  <testcase classname="ValidateGitlabUtility" name="testGetRepoSSHURL" time="0.001"/>
  <system-out/>
  <testcase classname="ValidateGitlabUtility" name="testCheckinFileToGitWithRebase" time="0.001"/>
  <system-out/>
</testsuite> <!-- ValidateGitlabUtility -->
